<?xml version="1.0" encoding="UTF-8"?>
<!-- Generated by org.testng.reporters.JUnitXMLReporter -->
<testsuite ignored="0" hostname="DESKTOP-QVFICS5" failures="0" tests="3" name="Surefire test" time="14.484" errors="0" timestamp="2022-11-22T12:09:17 EST">
  <testcase classname="com.TestCaseDevelop.TestAnnotation" name="Test1" time="0.001"/>
  <testcase classname="com.TestCaseDevelop.TestAnnotation" name="Tstc2" time="0.0"/>
  <testcase classname="com.TestCaseDevelop.TestNGCase" name="TC1" time="14.437"/>
</testsuite> <!-- Surefire test -->
