<?xml version="1.0" encoding="UTF-8"?>
<!-- Generated by org.testng.reporters.JUnitXMLReporter -->
<testsuite ignored="0" hostname="DESKTOP-QVFICS5" failures="0" tests="3" name="Test" time="12.932" errors="0" timestamp="2022-11-16T12:39:27 EST">
  <testcase classname="com.TestCaseDevelop.TestAnnotation" name="Test1" time="0.01"/>
  <testcase classname="com.TestCaseDevelop.TestAnnotation" name="Tstc2" time="0.002"/>
  <testcase classname="com.TestCaseDevelop.TestNGCase" name="TC1" time="12.893"/>
</testsuite> <!-- Test -->
