<?xml version="1.0" encoding="UTF-8"?>
<testng-results ignored="0" total="3" passed="3" failed="0" skipped="0">
  <reporter-output>
  </reporter-output>
  <suite started-at="2022-11-22T12:09:02 EST" name="Surefire suite" finished-at="2022-11-22T12:09:17 EST" duration-ms="14484">
    <groups>
    </groups>
    <test started-at="2022-11-22T12:09:02 EST" name="Surefire test" finished-at="2022-11-22T12:09:17 EST" duration-ms="14484">
      <class name="com.TestCaseDevelop.TestNGCase">
        <test-method signature="TC1()[pri:0, instance:com.TestCaseDevelop.TestNGCase@3745e5c6]" started-at="2022-11-22T12:09:03 EST" name="TC1" finished-at="2022-11-22T12:09:17 EST" duration-ms="14437" status="PASS">
          <reporter-output>
          </reporter-output>
        </test-method> <!-- TC1 -->
      </class> <!-- com.TestCaseDevelop.TestNGCase -->
      <class name="com.TestCaseDevelop.TestAnnotation">
        <test-method is-config="true" signature="BT()[pri:0, instance:com.TestCaseDevelop.TestAnnotation@2b6856dd]" started-at="2022-11-22T12:09:02 EST" name="BT" finished-at="2022-11-22T12:09:02 EST" duration-ms="11" status="PASS">
          <reporter-output>
          </reporter-output>
        </test-method> <!-- BT -->
        <test-method signature="Test1()[pri:0, instance:com.TestCaseDevelop.TestAnnotation@2b6856dd]" started-at="2022-11-22T12:09:03 EST" name="Test1" finished-at="2022-11-22T12:09:03 EST" duration-ms="1" status="PASS">
          <reporter-output>
          </reporter-output>
        </test-method> <!-- Test1 -->
        <test-method signature="Tstc2()[pri:0, instance:com.TestCaseDevelop.TestAnnotation@2b6856dd]" started-at="2022-11-22T12:09:03 EST" name="Tstc2" finished-at="2022-11-22T12:09:03 EST" duration-ms="0" status="PASS">
          <reporter-output>
          </reporter-output>
        </test-method> <!-- Tstc2 -->
        <test-method is-config="true" signature="AT()[pri:0, instance:com.TestCaseDevelop.TestAnnotation@2b6856dd]" started-at="2022-11-22T12:09:17 EST" name="AT" finished-at="2022-11-22T12:09:17 EST" duration-ms="0" status="PASS">
          <reporter-output>
          </reporter-output>
        </test-method> <!-- AT -->
      </class> <!-- com.TestCaseDevelop.TestAnnotation -->
    </test> <!-- Surefire test -->
  </suite> <!-- Surefire suite -->
</testng-results>
