<?xml version="1.0" encoding="UTF-8"?>
<testng-results ignored="0" total="3" passed="3" failed="0" skipped="0">
  <reporter-output>
  </reporter-output>
  <suite started-at="2022-11-16T12:39:14 EST" name="Suite" finished-at="2022-11-16T12:39:27 EST" duration-ms="12932">
    <groups>
    </groups>
    <test started-at="2022-11-16T12:39:14 EST" name="Test" finished-at="2022-11-16T12:39:27 EST" duration-ms="12932">
      <class name="com.TestCaseDevelop.TestNGCase">
        <test-method signature="TC1()[pri:0, instance:com.TestCaseDevelop.TestNGCase@1cbbffcd]" started-at="2022-11-16T12:39:14 EST" name="TC1" finished-at="2022-11-16T12:39:27 EST" duration-ms="12893" status="PASS">
          <reporter-output>
          </reporter-output>
        </test-method> <!-- TC1 -->
      </class> <!-- com.TestCaseDevelop.TestNGCase -->
      <class name="com.TestCaseDevelop.TestAnnotation">
        <test-method is-config="true" signature="BT()[pri:0, instance:com.TestCaseDevelop.TestAnnotation@dbf57b3]" started-at="2022-11-16T12:39:14 EST" name="BT" finished-at="2022-11-16T12:39:14 EST" duration-ms="6" status="PASS">
          <reporter-output>
          </reporter-output>
        </test-method> <!-- BT -->
        <test-method signature="Test1()[pri:0, instance:com.TestCaseDevelop.TestAnnotation@dbf57b3]" started-at="2022-11-16T12:39:14 EST" name="Test1" finished-at="2022-11-16T12:39:14 EST" duration-ms="10" status="PASS">
          <reporter-output>
          </reporter-output>
        </test-method> <!-- Test1 -->
        <test-method signature="Tstc2()[pri:0, instance:com.TestCaseDevelop.TestAnnotation@dbf57b3]" started-at="2022-11-16T12:39:14 EST" name="Tstc2" finished-at="2022-11-16T12:39:14 EST" duration-ms="2" status="PASS">
          <reporter-output>
          </reporter-output>
        </test-method> <!-- Tstc2 -->
        <test-method is-config="true" signature="AT()[pri:0, instance:com.TestCaseDevelop.TestAnnotation@dbf57b3]" started-at="2022-11-16T12:39:27 EST" name="AT" finished-at="2022-11-16T12:39:27 EST" duration-ms="1" status="PASS">
          <reporter-output>
          </reporter-output>
        </test-method> <!-- AT -->
      </class> <!-- com.TestCaseDevelop.TestAnnotation -->
    </test> <!-- Test -->
  </suite> <!-- Suite -->
</testng-results>
